<?xml version="1.0" encoding="UTF-8"?>
<testsuite name="com.example.project.TestDay4" tests="4" skipped="0" failures="0" errors="0" timestamp="2025-01-08T14:57:52" hostname="codespaces-5b1110" time="0.019">
  <properties/>
  <testcase name="testSimulateRaceLongerDuration()" classname="com.example.project.TestDay4" time="0.007"/>
  <testcase name="testSimulateSecondRunning()" classname="com.example.project.TestDay4" time="0.001"/>
  <testcase name="testReindeerCreation()" classname="com.example.project.TestDay4" time="0.001"/>
  <testcase name="testSimulateRaceWithHardcodedReindeers()" classname="com.example.project.TestDay4" time="0.0"/>
  <system-out><![CDATA[]]></system-out>
  <system-err><![CDATA[]]></system-err>
</testsuite>
